Using pre-set license
Built from '2020.3/staging' branch; Version is '2020.3.25f1 (9b9180224418) revision 10195328'; Using compiler version '192528614'; Build Type 'Release'
OS: 'Windows 10  (10.0.19043) 64bit Core' Language: 'en' Physical Memory: 16286 MB
BatchMode: 1, IsHumanControllingUs: 0, StartBugReporterOnCrash: 0, Is64bit: 1, IsPro: 0

COMMAND LINE ARGUMENTS:
C:\Program Files\Unity\Hub\Editor\2020.3.25f1\Editor\Unity.exe
-adb2
-batchMode
-noUpm
-name
AssetImportWorker0
-projectPath
C:/Users/maxim/Game Map Concept
-logFile
Logs/AssetImportWorker0.log
-srvPort
63468
Successfully changed project path to: C:/Users/maxim/Game Map Concept
C:/Users/maxim/Game Map Concept
Using Asset Import Pipeline V2.
Refreshing native plugins compatible for Editor in 42.20 ms, found 3 plugins.
Preloading 0 native plugins for Editor in 0.00 ms.
Initialize engine version: 2020.3.25f1 (9b9180224418)
[Subsystems] Discovering subsystems at path C:/Program Files/Unity/Hub/Editor/2020.3.25f1/Editor/Data/Resources/UnitySubsystems
[Subsystems] Discovering subsystems at path C:/Users/maxim/Game Map Concept/Assets
GfxDevice: creating device client; threaded=0
Direct3D:
    Version:  Direct3D 11.0 [level 11.1]
    Renderer: NVIDIA GeForce GTX 1660 Ti (ID=0x2182)
    Vendor:   
    VRAM:     5991 MB
    Driver:   30.0.15.1165
Initialize mono
Mono path[0] = 'C:/Program Files/Unity/Hub/Editor/2020.3.25f1/Editor/Data/Managed'
Mono path[1] = 'C:/Program Files/Unity/Hub/Editor/2020.3.25f1/Editor/Data/MonoBleedingEdge/lib/mono/unityjit'
Mono config path = 'C:/Program Files/Unity/Hub/Editor/2020.3.25f1/Editor/Data/MonoBleedingEdge/etc'
Using monoOptions --debugger-agent=transport=dt_socket,embedding=1,server=y,suspend=n,address=127.0.0.1:56132
Begin MonoManager ReloadAssembly
Registering precompiled unity dll's ...
Register platform support module: C:/Program Files/Unity/Hub/Editor/2020.3.25f1/Editor/Data/PlaybackEngines/WebGLSupport/UnityEditor.WebGL.Extensions.dll
Register platform support module: C:/Program Files/Unity/Hub/Editor/2020.3.25f1/Editor/Data/PlaybackEngines/WindowsStandaloneSupport/UnityEditor.WindowsStandalone.Extensions.dll
Registered in 0.002090 seconds.
Native extension for WindowsStandalone target not found
Native extension for WebGL target not found
Refreshing native plugins compatible for Editor in 41.80 ms, found 3 plugins.
Preloading 0 native plugins for Editor in 0.00 ms.
Mono: successfully reloaded assembly
- Completed reload, in  0.504 seconds
Domain Reload Profiling:
	ReloadAssembly (504ms)
		BeginReloadAssembly (45ms)
			ExecutionOrderSort (0ms)
			DisableScriptedObjects (0ms)
			BackupInstance (0ms)
			ReleaseScriptingObjects (0ms)
			CreateAndSetChildDomain (1ms)
		EndReloadAssembly (394ms)
			LoadAssemblies (43ms)
			RebuildTransferFunctionScriptingTraits (0ms)
			SetupTypeCache (127ms)
			ReleaseScriptCaches (0ms)
			RebuildScriptCaches (25ms)
			SetupLoadedEditorAssemblies (150ms)
				LogAssemblyErrors (0ms)
				InitializePlatformSupportModulesInManaged (5ms)
				SetLoadedEditorAssemblies (0ms)
				RefreshPlugins (42ms)
				BeforeProcessingInitializeOnLoad (13ms)
				ProcessInitializeOnLoadAttributes (67ms)
				ProcessInitializeOnLoadMethodAttributes (22ms)
				AfterProcessingInitializeOnLoad (0ms)
				EditorAssembliesLoaded (0ms)
			ExecutionOrderSort2 (0ms)
			AwakeInstancesAfterBackupRestoration (0ms)
Platform modules already initialized, skipping
Registering precompiled user dll's ...
Registered in 0.004099 seconds.
Begin MonoManager ReloadAssembly
Native extension for WindowsStandalone target not found
Native extension for WebGL target not found
Refreshing native plugins compatible for Editor in 39.94 ms, found 3 plugins.
Preloading 0 native plugins for Editor in 0.00 ms.
Mono: successfully reloaded assembly
- Completed reload, in  0.982 seconds
Domain Reload Profiling:
	ReloadAssembly (982ms)
		BeginReloadAssembly (122ms)
			ExecutionOrderSort (0ms)
			DisableScriptedObjects (4ms)
			BackupInstance (0ms)
			ReleaseScriptingObjects (0ms)
			CreateAndSetChildDomain (18ms)
		EndReloadAssembly (804ms)
			LoadAssemblies (80ms)
			RebuildTransferFunctionScriptingTraits (0ms)
			SetupTypeCache (263ms)
			ReleaseScriptCaches (1ms)
			RebuildScriptCaches (42ms)
			SetupLoadedEditorAssemblies (302ms)
				LogAssemblyErrors (0ms)
				InitializePlatformSupportModulesInManaged (4ms)
				SetLoadedEditorAssemblies (0ms)
				RefreshPlugins (40ms)
				BeforeProcessingInitializeOnLoad (69ms)
				ProcessInitializeOnLoadAttributes (167ms)
				ProcessInitializeOnLoadMethodAttributes (16ms)
				AfterProcessingInitializeOnLoad (6ms)
				EditorAssembliesLoaded (0ms)
			ExecutionOrderSort2 (0ms)
			AwakeInstancesAfterBackupRestoration (5ms)
Platform modules already initialized, skipping
========================================================================
Worker process is ready to serve import requests
Launched and connected shader compiler UnityShaderCompiler.exe after 0.06 seconds
Refreshing native plugins compatible for Editor in 0.58 ms, found 3 plugins.
Preloading 0 native plugins for Editor in 0.00 ms.
Unloading 2194 Unused Serialized files (Serialized files now loaded: 0)
System memory in use before: 95.8 MB.
System memory in use after: 95.9 MB.

Unloading 28 unused Assets to reduce memory usage. Loaded Objects now: 2628.
Total: 3.322900 ms (FindLiveObjects: 0.261300 ms CreateObjectMapping: 0.052100 ms MarkObjects: 2.932300 ms  DeleteObjects: 0.076100 ms)

AssetImportParameters requested are different than current active one (requested -> active):
  custom:framework-win-MediaFoundation: 216162199b28c13a410421893ffa2e32 -> 
  custom:video-decoder-ogg-theora: a1e56fd34408186e4bbccfd4996cb3dc -> 
  custom:container-muxer-webm: aa71ff27fc2769a1b78a27578f13a17b -> 
  custom:container-demuxer-webm: 4f35f7cbe854078d1ac9338744f61a02 -> 
  custom:container-demuxer-ogg: 62fdf1f143b41e24485cea50d1cbac27 -> 
  custom:video-encoder-webm-vp8: eb34c28f22e8b96e1ab97ce403110664 -> 
  custom:video-decoder-webm-vp8: 9c59270c3fd7afecdb556c50c9e8de78 -> 
  custom:audio-decoder-ogg-vorbis: bf7c407c2cedff20999df2af8eb42d56 -> 
  custom:audio-encoder-webm-vorbis: bf7c407c2cedff20999df2af8eb42d56 -> 
========================================================================
Received Import Request.
  path: Assets/Art/Tiles/Metal2x2.png
  artifactKey: Guid(b3edf63233c4044448f1a4481174440e) Importer(815301076,1909f56bfc062723c751e8b465ee728b)
Start importing Assets/Art/Tiles/Metal2x2.png using Guid(b3edf63233c4044448f1a4481174440e) Importer(815301076,1909f56bfc062723c751e8b465ee728b)  -> (artifact id: '46e68394c0e01851b8ae2a6c7106af5b') in 0.103313 seconds 
  Import took 0.106754 seconds .

========================================================================
Received Import Request.
  Time since last request: 0.000179 seconds.
  path: Assets/Art/Tiles/Trees.png
  artifactKey: Guid(7b8a5fc922602eb43be6e60b99b93c9a) Importer(815301076,1909f56bfc062723c751e8b465ee728b)
Start importing Assets/Art/Tiles/Trees.png using Guid(7b8a5fc922602eb43be6e60b99b93c9a) Importer(815301076,1909f56bfc062723c751e8b465ee728b)  -> (artifact id: 'a9a2f4023284b174aa37471daac67492') in 0.017865 seconds 
  Import took 0.021700 seconds .

========================================================================
Received Import Request.
  Time since last request: 5.639422 seconds.
  path: Assets/Art/Tiles/Metal2x2.png
  artifactKey: Guid(b3edf63233c4044448f1a4481174440e) Importer(815301076,1909f56bfc062723c751e8b465ee728b)
Start importing Assets/Art/Tiles/Metal2x2.png using Guid(b3edf63233c4044448f1a4481174440e) Importer(815301076,1909f56bfc062723c751e8b465ee728b)  -> (artifact id: 'b97dc634c456939a657a95cd58add164') in 0.010295 seconds 
  Import took 0.013737 seconds .

========================================================================
Received Import Request.
  Time since last request: 8.136466 seconds.
  path: Assets/Art/Tiles/Metal2x2.png
  artifactKey: Guid(b3edf63233c4044448f1a4481174440e) Importer(815301076,1909f56bfc062723c751e8b465ee728b)
Start importing Assets/Art/Tiles/Metal2x2.png using Guid(b3edf63233c4044448f1a4481174440e) Importer(815301076,1909f56bfc062723c751e8b465ee728b)  -> (artifact id: '9e5ea38d52946300ac8ba532b154fb03') in 0.027219 seconds 
  Import took 0.030906 seconds .

========================================================================
Received Import Request.
  Time since last request: 45.218794 seconds.
  path: Assets/Art/Tiles/Environment.prefab
  artifactKey: Guid(8f6ac611880bf224e82178599beeb5ab) Importer(815301076,1909f56bfc062723c751e8b465ee728b)
Start importing Assets/Art/Tiles/Environment.prefab using Guid(8f6ac611880bf224e82178599beeb5ab) Importer(815301076,1909f56bfc062723c751e8b465ee728b)  -> (artifact id: 'cc63927a71ff748649ac6c522cdf06c0') in 0.038961 seconds 
  Import took 0.042566 seconds .

========================================================================
Received Import Request.
  Time since last request: 8.158820 seconds.
  path: Assets/Art/Tiles/Environment.prefab
  artifactKey: Guid(8f6ac611880bf224e82178599beeb5ab) Importer(815301076,1909f56bfc062723c751e8b465ee728b)
Start importing Assets/Art/Tiles/Environment.prefab using Guid(8f6ac611880bf224e82178599beeb5ab) Importer(815301076,1909f56bfc062723c751e8b465ee728b)  -> (artifact id: 'c0856b1dea05b4bf7f62510ba16b7bcc') in 0.017979 seconds 
  Import took 0.021994 seconds .

========================================================================
Received Import Request.
  Time since last request: 6.778766 seconds.
  path: Assets/Art/Tiles/Environment.prefab
  artifactKey: Guid(8f6ac611880bf224e82178599beeb5ab) Importer(815301076,1909f56bfc062723c751e8b465ee728b)
Start importing Assets/Art/Tiles/Environment.prefab using Guid(8f6ac611880bf224e82178599beeb5ab) Importer(815301076,1909f56bfc062723c751e8b465ee728b)  -> (artifact id: '27872386d6e8e90142b2e7bf3451405c') in 0.014090 seconds 
  Import took 0.017873 seconds .

========================================================================
Received Import Request.
  Time since last request: 0.000190 seconds.
  path: Assets/Art/Tiles/Metal2x2_0.asset
  artifactKey: Guid(eac4cc73645d74f47952dac6d6b7bff9) Importer(815301076,1909f56bfc062723c751e8b465ee728b)
Start importing Assets/Art/Tiles/Metal2x2_0.asset using Guid(eac4cc73645d74f47952dac6d6b7bff9) Importer(815301076,1909f56bfc062723c751e8b465ee728b)  -> (artifact id: '0a94e57aea45e7f0f0ba15dc6bdb0a38') in 0.012855 seconds 
  Import took 0.016331 seconds .

========================================================================
Received Import Request.
  Time since last request: 0.000181 seconds.
  path: Assets/Art/Tiles/Metal2x2_2.asset
  artifactKey: Guid(63b6ead68f28096408b18cee2a122f2e) Importer(815301076,1909f56bfc062723c751e8b465ee728b)
Start importing Assets/Art/Tiles/Metal2x2_2.asset using Guid(63b6ead68f28096408b18cee2a122f2e) Importer(815301076,1909f56bfc062723c751e8b465ee728b)  -> (artifact id: '993bd7f33b636d7dd10cb65aae7ae728') in 0.010494 seconds 
  Import took 0.013781 seconds .

========================================================================
Received Import Request.
  Time since last request: 0.000145 seconds.
  path: Assets/Art/Tiles/Metal2x2_1.asset
  artifactKey: Guid(c09e72d55dfd5c045991de7171433d7f) Importer(815301076,1909f56bfc062723c751e8b465ee728b)
Start importing Assets/Art/Tiles/Metal2x2_1.asset using Guid(c09e72d55dfd5c045991de7171433d7f) Importer(815301076,1909f56bfc062723c751e8b465ee728b)  -> (artifact id: '687505d9e64eda347b3fc0c6ff0636a0') in 0.009567 seconds 
  Import took 0.012668 seconds .

========================================================================
Received Import Request.
  Time since last request: 0.000205 seconds.
  path: Assets/Art/Tiles/Metal2x2_3.asset
  artifactKey: Guid(e3b97855d9cab634f849de35d3504bbe) Importer(815301076,1909f56bfc062723c751e8b465ee728b)
Start importing Assets/Art/Tiles/Metal2x2_3.asset using Guid(e3b97855d9cab634f849de35d3504bbe) Importer(815301076,1909f56bfc062723c751e8b465ee728b)  -> (artifact id: 'c6a616a8f42f27fb4906095bbc5c5118') in 0.010239 seconds 
  Import took 0.013488 seconds .

========================================================================
Received Import Request.
  Time since last request: 7.035978 seconds.
  path: Assets/Art/Tiles/Environment.prefab
  artifactKey: Guid(8f6ac611880bf224e82178599beeb5ab) Importer(815301076,1909f56bfc062723c751e8b465ee728b)
Start importing Assets/Art/Tiles/Environment.prefab using Guid(8f6ac611880bf224e82178599beeb5ab) Importer(815301076,1909f56bfc062723c751e8b465ee728b)  -> (artifact id: 'fdd3128d33fe663c5e937b770a5a3af9') in 0.021079 seconds 
  Import took 0.025133 seconds .

========================================================================
Received Import Request.
  Time since last request: 3.294270 seconds.
  path: Assets/Art/Tiles/Environment.prefab
  artifactKey: Guid(8f6ac611880bf224e82178599beeb5ab) Importer(815301076,1909f56bfc062723c751e8b465ee728b)
Start importing Assets/Art/Tiles/Environment.prefab using Guid(8f6ac611880bf224e82178599beeb5ab) Importer(815301076,1909f56bfc062723c751e8b465ee728b)  -> (artifact id: '69cdcd327edbcfdfd8698837b9c61b83') in 0.025123 seconds 
  Import took 0.029206 seconds .

========================================================================
Received Import Request.
  Time since last request: 10.257567 seconds.
  path: Assets/Art/Tiles/Trees.png
  artifactKey: Guid(7b8a5fc922602eb43be6e60b99b93c9a) Importer(815301076,1909f56bfc062723c751e8b465ee728b)
Start importing Assets/Art/Tiles/Trees.png using Guid(7b8a5fc922602eb43be6e60b99b93c9a) Importer(815301076,1909f56bfc062723c751e8b465ee728b)  -> (artifact id: '7a24e9d21747ec978b8d0ba958eb9c68') in 0.020034 seconds 
  Import took 0.023924 seconds .

========================================================================
Received Import Request.
  Time since last request: 8.509192 seconds.
  path: Assets/Art/Tiles/Trees.png
  artifactKey: Guid(7b8a5fc922602eb43be6e60b99b93c9a) Importer(815301076,1909f56bfc062723c751e8b465ee728b)
Start importing Assets/Art/Tiles/Trees.png using Guid(7b8a5fc922602eb43be6e60b99b93c9a) Importer(815301076,1909f56bfc062723c751e8b465ee728b)  -> (artifact id: 'ea1d27f4ea85771b7d0bcd0292bd13de') in 0.054509 seconds 
  Import took 0.058296 seconds .

========================================================================
Received Import Request.
  Time since last request: 97.295889 seconds.
  path: Assets/Art/Tiles/Environment.prefab
  artifactKey: Guid(8f6ac611880bf224e82178599beeb5ab) Importer(815301076,1909f56bfc062723c751e8b465ee728b)
Start importing Assets/Art/Tiles/Environment.prefab using Guid(8f6ac611880bf224e82178599beeb5ab) Importer(815301076,1909f56bfc062723c751e8b465ee728b)  -> (artifact id: 'c0cb6228d1bcd31210bd52076706b3f2') in 0.033292 seconds 
  Import took 0.037453 seconds .

========================================================================
Received Import Request.
  Time since last request: 0.000179 seconds.
  path: Assets/Art/Tiles/Trees_8.asset
  artifactKey: Guid(9cfa8c21150d5164ca5148020a04b573) Importer(815301076,1909f56bfc062723c751e8b465ee728b)
Start importing Assets/Art/Tiles/Trees_8.asset using Guid(9cfa8c21150d5164ca5148020a04b573) Importer(815301076,1909f56bfc062723c751e8b465ee728b)  -> (artifact id: 'b4d9a2dd61d7135f10f1799370f0114e') in 0.009873 seconds 
  Import took 0.012869 seconds .

========================================================================
Received Import Request.
  Time since last request: 0.000182 seconds.
  path: Assets/Art/Tiles/Trees_5.asset
  artifactKey: Guid(fccd1f94de931cc4ea58332eb2105bc3) Importer(815301076,1909f56bfc062723c751e8b465ee728b)
Start importing Assets/Art/Tiles/Trees_5.asset using Guid(fccd1f94de931cc4ea58332eb2105bc3) Importer(815301076,1909f56bfc062723c751e8b465ee728b)  -> (artifact id: '7f1ac647e05baa61b5333d19d3288894') in 0.013502 seconds 
  Import took 0.016540 seconds .

========================================================================
Received Import Request.
  Time since last request: 0.000230 seconds.
  path: Assets/Art/Tiles/Trees_0.asset
  artifactKey: Guid(48b9d48fd3ad3154bbc1b04152c908ab) Importer(815301076,1909f56bfc062723c751e8b465ee728b)
Start importing Assets/Art/Tiles/Trees_0.asset using Guid(48b9d48fd3ad3154bbc1b04152c908ab) Importer(815301076,1909f56bfc062723c751e8b465ee728b)  -> (artifact id: '00d1c36438c01abf561b1caf3d6b3140') in 0.018725 seconds 
  Import took 0.022794 seconds .

========================================================================
Received Import Request.
  Time since last request: 0.000166 seconds.
  path: Assets/Art/Tiles/Trees_7.asset
  artifactKey: Guid(cc28777af279dda47ab57a7c398d5461) Importer(815301076,1909f56bfc062723c751e8b465ee728b)
Start importing Assets/Art/Tiles/Trees_7.asset using Guid(cc28777af279dda47ab57a7c398d5461) Importer(815301076,1909f56bfc062723c751e8b465ee728b)  -> (artifact id: '8e49680beda1b80e5177dad089fdf5ff') in 0.012438 seconds 
  Import took 0.015479 seconds .

========================================================================
Received Import Request.
  Time since last request: 0.000190 seconds.
  path: Assets/Art/Tiles/Trees_2.asset
  artifactKey: Guid(d37a1eec9e65a304f9b7994951e65efd) Importer(815301076,1909f56bfc062723c751e8b465ee728b)
Start importing Assets/Art/Tiles/Trees_2.asset using Guid(d37a1eec9e65a304f9b7994951e65efd) Importer(815301076,1909f56bfc062723c751e8b465ee728b)  -> (artifact id: '96058167551e448cf97368f1dcdd28e5') in 0.013103 seconds 
  Import took 0.016032 seconds .

========================================================================
Received Import Request.
  Time since last request: 0.000228 seconds.
  path: Assets/Art/Tiles/Trees_3.asset
  artifactKey: Guid(0cfabed80c12cfe4d8a053bfd0288291) Importer(815301076,1909f56bfc062723c751e8b465ee728b)
Start importing Assets/Art/Tiles/Trees_3.asset using Guid(0cfabed80c12cfe4d8a053bfd0288291) Importer(815301076,1909f56bfc062723c751e8b465ee728b)  -> (artifact id: 'a8840660305ed7cc07ae5ed0cf17c475') in 0.022968 seconds 
  Import took 0.026721 seconds .

========================================================================
Received Import Request.
  Time since last request: 0.000211 seconds.
  path: Assets/Art/Tiles/Trees_6.asset
  artifactKey: Guid(ba05ccfcef60b8441b58c2cccc7bbd38) Importer(815301076,1909f56bfc062723c751e8b465ee728b)
Start importing Assets/Art/Tiles/Trees_6.asset using Guid(ba05ccfcef60b8441b58c2cccc7bbd38) Importer(815301076,1909f56bfc062723c751e8b465ee728b)  -> (artifact id: 'cd82f3bb0d377661e67a66a6b64f6cc8') in 0.015946 seconds 
  Import took 0.020175 seconds .

========================================================================
Received Import Request.
  Time since last request: 0.000153 seconds.
  path: Assets/Art/Tiles/Trees_1.asset
  artifactKey: Guid(83825e3e3c4ad084a96303abaae2659f) Importer(815301076,1909f56bfc062723c751e8b465ee728b)
Start importing Assets/Art/Tiles/Trees_1.asset using Guid(83825e3e3c4ad084a96303abaae2659f) Importer(815301076,1909f56bfc062723c751e8b465ee728b)  -> (artifact id: 'd0849a449b50b365b587eeb222fe9eac') in 0.013344 seconds 
  Import took 0.016337 seconds .

========================================================================
Received Import Request.
  Time since last request: 0.000175 seconds.
  path: Assets/Art/Tiles/Trees_4.asset
  artifactKey: Guid(4e70f5f750e3d064a9d460a599ef652d) Importer(815301076,1909f56bfc062723c751e8b465ee728b)
Start importing Assets/Art/Tiles/Trees_4.asset using Guid(4e70f5f750e3d064a9d460a599ef652d) Importer(815301076,1909f56bfc062723c751e8b465ee728b)  -> (artifact id: '890735392d476d276024821b44a3af8c') in 0.009819 seconds 
  Import took 0.012907 seconds .

========================================================================
Received Import Request.
  Time since last request: 279.409960 seconds.
  path: Assets/Art/Tiles/CastleTemp.png
  artifactKey: Guid(e0d75a086e03be24d960db2a3c605eb6) Importer(815301076,1909f56bfc062723c751e8b465ee728b)
Start importing Assets/Art/Tiles/CastleTemp.png using Guid(e0d75a086e03be24d960db2a3c605eb6) Importer(815301076,1909f56bfc062723c751e8b465ee728b)  -> (artifact id: '0e34ba4f750920a327a6fee9ec3b1daa') in 0.022056 seconds 
  Import took 0.026046 seconds .

========================================================================
Received Import Request.
  Time since last request: 6.152749 seconds.
  path: Assets/Art/Tiles/CastleTemp.png
  artifactKey: Guid(e0d75a086e03be24d960db2a3c605eb6) Importer(815301076,1909f56bfc062723c751e8b465ee728b)
Start importing Assets/Art/Tiles/CastleTemp.png using Guid(e0d75a086e03be24d960db2a3c605eb6) Importer(815301076,1909f56bfc062723c751e8b465ee728b)  -> (artifact id: '3b5f963b1887a5fee5a6cf1cf3935252') in 0.041549 seconds 
  Import took 0.044960 seconds .

========================================================================
Received Import Request.
  Time since last request: 5.339614 seconds.
  path: Assets/Art/Tiles/CastleTemp_0.asset
  artifactKey: Guid(5363a35cf93269d418d318af1fe66df6) Importer(815301076,1909f56bfc062723c751e8b465ee728b)
Start importing Assets/Art/Tiles/CastleTemp_0.asset using Guid(5363a35cf93269d418d318af1fe66df6) Importer(815301076,1909f56bfc062723c751e8b465ee728b)  -> (artifact id: '500a9ea3eb986a2191fe64c1b5939798') in 0.010836 seconds 
  Import took 0.014394 seconds .

========================================================================
Received Import Request.
  Time since last request: 0.000161 seconds.
  path: Assets/Art/Tiles/CastleTemp_8.asset
  artifactKey: Guid(d81bb26321a540e45a7d5f6345972f51) Importer(815301076,1909f56bfc062723c751e8b465ee728b)
Start importing Assets/Art/Tiles/CastleTemp_8.asset using Guid(d81bb26321a540e45a7d5f6345972f51) Importer(815301076,1909f56bfc062723c751e8b465ee728b)  -> (artifact id: '841ef30beb0e4a9803557fff49f91e83') in 0.012506 seconds 
  Import took 0.015432 seconds .

========================================================================
Received Import Request.
  Time since last request: 0.000143 seconds.
  path: Assets/Art/Tiles/CastleTemp_2.asset
  artifactKey: Guid(4c2a99e0259a7e74da6fd3755b6d5d71) Importer(815301076,1909f56bfc062723c751e8b465ee728b)
Start importing Assets/Art/Tiles/CastleTemp_2.asset using Guid(4c2a99e0259a7e74da6fd3755b6d5d71) Importer(815301076,1909f56bfc062723c751e8b465ee728b)  -> (artifact id: '491d3bdf833514f289fbab0d8b23d6a6') in 0.010487 seconds 
  Import took 0.013414 seconds .

========================================================================
Received Import Request.
  Time since last request: 0.000174 seconds.
  path: Assets/Art/Tiles/CastleTemp_5.asset
  artifactKey: Guid(91fc88c2471b55b4b89c1467c226e805) Importer(815301076,1909f56bfc062723c751e8b465ee728b)
Start importing Assets/Art/Tiles/CastleTemp_5.asset using Guid(91fc88c2471b55b4b89c1467c226e805) Importer(815301076,1909f56bfc062723c751e8b465ee728b)  -> (artifact id: 'f89e09edf1048cac71f6d8a99dce5d27') in 0.009803 seconds 
  Import took 0.012935 seconds .

========================================================================
Received Import Request.
  Time since last request: 0.000235 seconds.
  path: Assets/Art/Tiles/CastleTemp_4.asset
  artifactKey: Guid(eaf3a0a7208a4bf47b0a6f239f755a58) Importer(815301076,1909f56bfc062723c751e8b465ee728b)
Start importing Assets/Art/Tiles/CastleTemp_4.asset using Guid(eaf3a0a7208a4bf47b0a6f239f755a58) Importer(815301076,1909f56bfc062723c751e8b465ee728b)  -> (artifact id: 'b4ca81e187f2f82807f5df9be9171816') in 0.015489 seconds 
  Import took 0.019221 seconds .

========================================================================
Received Import Request.
  Time since last request: 0.000166 seconds.
  path: Assets/Art/Tiles/CastleTemp_1.asset
  artifactKey: Guid(f21b87b5d6098d14fb0cd7c04ab94b31) Importer(815301076,1909f56bfc062723c751e8b465ee728b)
Start importing Assets/Art/Tiles/CastleTemp_1.asset using Guid(f21b87b5d6098d14fb0cd7c04ab94b31) Importer(815301076,1909f56bfc062723c751e8b465ee728b)  -> (artifact id: '0a526dde501ee30a376800bb9afafef4') in 0.011853 seconds 
  Import took 0.015223 seconds .

========================================================================
Received Import Request.
  Time since last request: 0.000244 seconds.
  path: Assets/Art/Tiles/CastleTemp_3.asset
  artifactKey: Guid(696594f2d0c05e346bf96c4512793e74) Importer(815301076,1909f56bfc062723c751e8b465ee728b)
Start importing Assets/Art/Tiles/CastleTemp_3.asset using Guid(696594f2d0c05e346bf96c4512793e74) Importer(815301076,1909f56bfc062723c751e8b465ee728b)  -> (artifact id: 'd7201848faa062d904bc14ba0c3bebfe') in 0.032479 seconds 
  Import took 0.036301 seconds .

========================================================================
Received Import Request.
  Time since last request: 0.000158 seconds.
  path: Assets/Art/Tiles/Environment.prefab
  artifactKey: Guid(8f6ac611880bf224e82178599beeb5ab) Importer(815301076,1909f56bfc062723c751e8b465ee728b)
Start importing Assets/Art/Tiles/Environment.prefab using Guid(8f6ac611880bf224e82178599beeb5ab) Importer(815301076,1909f56bfc062723c751e8b465ee728b)  -> (artifact id: 'a10727430514cb48a16699348debf075') in 0.029830 seconds 
  Import took 0.033539 seconds .

========================================================================
Received Import Request.
  Time since last request: 0.000162 seconds.
  path: Assets/Art/Tiles/CastleTemp_6.asset
  artifactKey: Guid(ac0a65e3020a9734a8d95ce4e59ca2e4) Importer(815301076,1909f56bfc062723c751e8b465ee728b)
Start importing Assets/Art/Tiles/CastleTemp_6.asset using Guid(ac0a65e3020a9734a8d95ce4e59ca2e4) Importer(815301076,1909f56bfc062723c751e8b465ee728b)  -> (artifact id: '4452b966fe1fe909f6c0f001f7760890') in 0.010608 seconds 
  Import took 0.013643 seconds .

========================================================================
Received Import Request.
  Time since last request: 0.000180 seconds.
  path: Assets/Art/Tiles/CastleTemp_7.asset
  artifactKey: Guid(5d30d0f91761c694aba5aea9e0de895b) Importer(815301076,1909f56bfc062723c751e8b465ee728b)
Start importing Assets/Art/Tiles/CastleTemp_7.asset using Guid(5d30d0f91761c694aba5aea9e0de895b) Importer(815301076,1909f56bfc062723c751e8b465ee728b)  -> (artifact id: '5e0935e56c3d5a7d1292d4f928970758') in 0.012643 seconds 
  Import took 0.015744 seconds .

AssetImportWorkerClient::OnTransportError - code=2 error=End of file
