Using pre-set license
Built from '2020.3/staging' branch; Version is '2020.3.25f1 (9b9180224418) revision 10195328'; Using compiler version '192528614'; Build Type 'Release'
OS: 'Windows 10  (10.0.19043) 64bit Core' Language: 'en' Physical Memory: 16286 MB
BatchMode: 1, IsHumanControllingUs: 0, StartBugReporterOnCrash: 0, Is64bit: 1, IsPro: 0

COMMAND LINE ARGUMENTS:
C:\Program Files\Unity\Hub\Editor\2020.3.25f1\Editor\Unity.exe
-adb2
-batchMode
-noUpm
-name
AssetImportWorker0
-projectPath
C:/Users/maxim/Desktop/AgeOfExpansion
-logFile
Logs/AssetImportWorker0.log
-srvPort
57296
Successfully changed project path to: C:/Users/maxim/Desktop/AgeOfExpansion
C:/Users/maxim/Desktop/AgeOfExpansion
Using Asset Import Pipeline V2.
Refreshing native plugins compatible for Editor in 45.17 ms, found 3 plugins.
Preloading 0 native plugins for Editor in 0.00 ms.
Initialize engine version: 2020.3.25f1 (9b9180224418)
[Subsystems] Discovering subsystems at path C:/Program Files/Unity/Hub/Editor/2020.3.25f1/Editor/Data/Resources/UnitySubsystems
[Subsystems] Discovering subsystems at path C:/Users/maxim/Desktop/AgeOfExpansion/Assets
GfxDevice: creating device client; threaded=0
Direct3D:
    Version:  Direct3D 11.0 [level 11.1]
    Renderer: NVIDIA GeForce GTX 1660 Ti (ID=0x2182)
    Vendor:   
    VRAM:     5991 MB
    Driver:   30.0.15.1165
Initialize mono
Mono path[0] = 'C:/Program Files/Unity/Hub/Editor/2020.3.25f1/Editor/Data/Managed'
Mono path[1] = 'C:/Program Files/Unity/Hub/Editor/2020.3.25f1/Editor/Data/MonoBleedingEdge/lib/mono/unityjit'
Mono config path = 'C:/Program Files/Unity/Hub/Editor/2020.3.25f1/Editor/Data/MonoBleedingEdge/etc'
Using monoOptions --debugger-agent=transport=dt_socket,embedding=1,server=y,suspend=n,address=127.0.0.1:56376
Begin MonoManager ReloadAssembly
Registering precompiled unity dll's ...
Register platform support module: C:/Program Files/Unity/Hub/Editor/2020.3.25f1/Editor/Data/PlaybackEngines/WebGLSupport/UnityEditor.WebGL.Extensions.dll
Register platform support module: C:/Program Files/Unity/Hub/Editor/2020.3.25f1/Editor/Data/PlaybackEngines/WindowsStandaloneSupport/UnityEditor.WindowsStandalone.Extensions.dll
Registered in 0.003871 seconds.
Native extension for WindowsStandalone target not found
Native extension for WebGL target not found
Refreshing native plugins compatible for Editor in 44.32 ms, found 3 plugins.
Preloading 0 native plugins for Editor in 0.00 ms.
Mono: successfully reloaded assembly
- Completed reload, in  0.540 seconds
Domain Reload Profiling:
	ReloadAssembly (541ms)
		BeginReloadAssembly (54ms)
			ExecutionOrderSort (0ms)
			DisableScriptedObjects (0ms)
			BackupInstance (0ms)
			ReleaseScriptingObjects (0ms)
			CreateAndSetChildDomain (1ms)
		EndReloadAssembly (414ms)
			LoadAssemblies (53ms)
			RebuildTransferFunctionScriptingTraits (0ms)
			SetupTypeCache (133ms)
			ReleaseScriptCaches (0ms)
			RebuildScriptCaches (26ms)
			SetupLoadedEditorAssemblies (158ms)
				LogAssemblyErrors (0ms)
				InitializePlatformSupportModulesInManaged (5ms)
				SetLoadedEditorAssemblies (0ms)
				RefreshPlugins (44ms)
				BeforeProcessingInitializeOnLoad (14ms)
				ProcessInitializeOnLoadAttributes (69ms)
				ProcessInitializeOnLoadMethodAttributes (25ms)
				AfterProcessingInitializeOnLoad (0ms)
				EditorAssembliesLoaded (0ms)
			ExecutionOrderSort2 (0ms)
			AwakeInstancesAfterBackupRestoration (0ms)
Platform modules already initialized, skipping
Registering precompiled user dll's ...
Registered in 0.011576 seconds.
Begin MonoManager ReloadAssembly
Native extension for WindowsStandalone target not found
Native extension for WebGL target not found
Refreshing native plugins compatible for Editor in 45.27 ms, found 3 plugins.
Preloading 0 native plugins for Editor in 0.00 ms.
Mono: successfully reloaded assembly
- Completed reload, in  1.008 seconds
Domain Reload Profiling:
	ReloadAssembly (1009ms)
		BeginReloadAssembly (125ms)
			ExecutionOrderSort (0ms)
			DisableScriptedObjects (4ms)
			BackupInstance (0ms)
			ReleaseScriptingObjects (0ms)
			CreateAndSetChildDomain (18ms)
		EndReloadAssembly (824ms)
			LoadAssemblies (104ms)
			RebuildTransferFunctionScriptingTraits (0ms)
			SetupTypeCache (256ms)
			ReleaseScriptCaches (1ms)
			RebuildScriptCaches (41ms)
			SetupLoadedEditorAssemblies (314ms)
				LogAssemblyErrors (0ms)
				InitializePlatformSupportModulesInManaged (4ms)
				SetLoadedEditorAssemblies (0ms)
				RefreshPlugins (45ms)
				BeforeProcessingInitializeOnLoad (75ms)
				ProcessInitializeOnLoadAttributes (167ms)
				ProcessInitializeOnLoadMethodAttributes (17ms)
				AfterProcessingInitializeOnLoad (6ms)
				EditorAssembliesLoaded (0ms)
			ExecutionOrderSort2 (0ms)
			AwakeInstancesAfterBackupRestoration (5ms)
Platform modules already initialized, skipping
========================================================================
Worker process is ready to serve import requests
Launched and connected shader compiler UnityShaderCompiler.exe after 0.07 seconds
Refreshing native plugins compatible for Editor in 0.64 ms, found 3 plugins.
Preloading 0 native plugins for Editor in 0.00 ms.
Unloading 2204 Unused Serialized files (Serialized files now loaded: 0)
System memory in use before: 96.4 MB.
System memory in use after: 96.5 MB.

Unloading 28 unused Assets to reduce memory usage. Loaded Objects now: 2639.
Total: 5.366700 ms (FindLiveObjects: 0.607600 ms CreateObjectMapping: 0.105100 ms MarkObjects: 4.529800 ms  DeleteObjects: 0.121900 ms)

AssetImportParameters requested are different than current active one (requested -> active):
  custom:framework-win-MediaFoundation: 216162199b28c13a410421893ffa2e32 -> 
  custom:video-decoder-ogg-theora: a1e56fd34408186e4bbccfd4996cb3dc -> 
  custom:container-muxer-webm: aa71ff27fc2769a1b78a27578f13a17b -> 
  custom:container-demuxer-webm: 4f35f7cbe854078d1ac9338744f61a02 -> 
  custom:container-demuxer-ogg: 62fdf1f143b41e24485cea50d1cbac27 -> 
  custom:video-encoder-webm-vp8: eb34c28f22e8b96e1ab97ce403110664 -> 
  custom:video-decoder-webm-vp8: 9c59270c3fd7afecdb556c50c9e8de78 -> 
  custom:audio-decoder-ogg-vorbis: bf7c407c2cedff20999df2af8eb42d56 -> 
  custom:audio-encoder-webm-vorbis: bf7c407c2cedff20999df2af8eb42d56 -> 
========================================================================
Received Import Request.
  path: Assets/Art/Attack3.png
  artifactKey: Guid(4713a1f21652c974ca03a0230d698b40) Importer(815301076,1909f56bfc062723c751e8b465ee728b)
Start importing Assets/Art/Attack3.png using Guid(4713a1f21652c974ca03a0230d698b40) Importer(815301076,1909f56bfc062723c751e8b465ee728b)  -> (artifact id: '3a420639f5ea0746933834567bc1ee35') in 0.120233 seconds 
  Import took 0.123831 seconds .

========================================================================
Received Import Request.
  Time since last request: 16.174465 seconds.
  path: Assets/Art/Attack3 1.png
  artifactKey: Guid(2486a48c8d434ab489b90b70474b1ab8) Importer(815301076,1909f56bfc062723c751e8b465ee728b)
Start importing Assets/Art/Attack3 1.png using Guid(2486a48c8d434ab489b90b70474b1ab8) Importer(815301076,1909f56bfc062723c751e8b465ee728b)  -> (artifact id: '92c76810b696e3fcfdf0ffee51fbb360') in 0.023914 seconds 
  Import took 0.027474 seconds .

========================================================================
Received Import Request.
  Time since last request: 10582.784564 seconds.
  path: Assets/Art/Slime Test.png
  artifactKey: Guid(0dca320d13c4182439b3ae02ea1168d9) Importer(815301076,1909f56bfc062723c751e8b465ee728b)
Start importing Assets/Art/Slime Test.png using Guid(0dca320d13c4182439b3ae02ea1168d9) Importer(815301076,1909f56bfc062723c751e8b465ee728b)  -> (artifact id: 'f7f73998b90273a3c3d85f0ab9fbf355') in 0.063712 seconds 
  Import took 0.089332 seconds .

========================================================================
Received Import Request.
  Time since last request: 24.635061 seconds.
  path: Assets/Cainos/Pixel Art Top Down - Basic/Texture/Slime Test.png
  artifactKey: Guid(0c80151ca9a410b40b30222db6e8e054) Importer(815301076,1909f56bfc062723c751e8b465ee728b)
Start importing Assets/Cainos/Pixel Art Top Down - Basic/Texture/Slime Test.png using Guid(0c80151ca9a410b40b30222db6e8e054) Importer(815301076,1909f56bfc062723c751e8b465ee728b)  -> (artifact id: '90af55db2803368fd44286711ebdbbc1') in 0.016389 seconds 
  Import took 0.020257 seconds .

========================================================================
Received Import Request.
  Time since last request: 13.373732 seconds.
  path: Assets/Cainos/Pixel Art Top Down - Basic/Texture/Slime Test.png
  artifactKey: Guid(0c80151ca9a410b40b30222db6e8e054) Importer(815301076,1909f56bfc062723c751e8b465ee728b)
Start importing Assets/Cainos/Pixel Art Top Down - Basic/Texture/Slime Test.png using Guid(0c80151ca9a410b40b30222db6e8e054) Importer(815301076,1909f56bfc062723c751e8b465ee728b)  -> (artifact id: 'ab55a74a3061587a0f39685dd533eb44') in 0.015983 seconds 
  Import took 0.019802 seconds .

========================================================================
Received Import Request.
  Time since last request: 47.064718 seconds.
  path: Assets/Cainos/Pixel Art Top Down - Basic/Texture/Slime Test.png
  artifactKey: Guid(0c80151ca9a410b40b30222db6e8e054) Importer(815301076,1909f56bfc062723c751e8b465ee728b)
Start importing Assets/Cainos/Pixel Art Top Down - Basic/Texture/Slime Test.png using Guid(0c80151ca9a410b40b30222db6e8e054) Importer(815301076,1909f56bfc062723c751e8b465ee728b)  -> (artifact id: '4aaa4bfbd761d9620b2920f4f8c39a0d') in 0.024237 seconds 
  Import took 0.027879 seconds .

========================================================================
Received Import Request.
  Time since last request: 132.127668 seconds.
  path: Assets/Cainos/Pixel Art Top Down - Basic/Texture/Slime Test.png
  artifactKey: Guid(0c80151ca9a410b40b30222db6e8e054) Importer(815301076,1909f56bfc062723c751e8b465ee728b)
Start importing Assets/Cainos/Pixel Art Top Down - Basic/Texture/Slime Test.png using Guid(0c80151ca9a410b40b30222db6e8e054) Importer(815301076,1909f56bfc062723c751e8b465ee728b)  -> (artifact id: 'f3c0b83fe7eed1eed2fd6e367f6e4bed') in 0.014930 seconds 
  Import took 0.019269 seconds .

========================================================================
Received Import Request.
  Time since last request: 32.039483 seconds.
  path: Assets/Cainos/Pixel Art Top Down - Basic/Texture/Slime Test.png
  artifactKey: Guid(0c80151ca9a410b40b30222db6e8e054) Importer(815301076,1909f56bfc062723c751e8b465ee728b)
Start importing Assets/Cainos/Pixel Art Top Down - Basic/Texture/Slime Test.png using Guid(0c80151ca9a410b40b30222db6e8e054) Importer(815301076,1909f56bfc062723c751e8b465ee728b)  -> (artifact id: '5944be3b1eb9ef3f0616ffb2322d060c') in 0.015362 seconds 
  Import took 0.019093 seconds .

========================================================================
Received Import Request.
  Time since last request: 285.172607 seconds.
  path: Assets/Art/Sprites
  artifactKey: Guid(23ac6b8df16101c469157302e494f0de) Importer(815301076,1909f56bfc062723c751e8b465ee728b)
Start importing Assets/Art/Sprites using Guid(23ac6b8df16101c469157302e494f0de) Importer(815301076,1909f56bfc062723c751e8b465ee728b)  -> (artifact id: 'c7fcfb3344f85fb2e27d497c6ce9f713') in 0.007685 seconds 
  Import took 0.011777 seconds .

========================================================================
Received Import Request.
  Time since last request: 0.033622 seconds.
  path: Assets/Art/Sprites/player.png
  artifactKey: Guid(421afd11f6d39f849be5ff53f2491e1a) Importer(815301076,1909f56bfc062723c751e8b465ee728b)
Start importing Assets/Art/Sprites/player.png using Guid(421afd11f6d39f849be5ff53f2491e1a) Importer(815301076,1909f56bfc062723c751e8b465ee728b)  -> (artifact id: '8a1214c95e031356ccf4e5325df1b419') in 0.081644 seconds 
  Import took 0.085408 seconds .

========================================================================
Received Import Request.
  Time since last request: 0.000179 seconds.
  path: Assets/Art/Sprites/playerleft.png
  artifactKey: Guid(651b0286513e28d4490d8186f475f487) Importer(815301076,1909f56bfc062723c751e8b465ee728b)
Start importing Assets/Art/Sprites/playerleft.png using Guid(651b0286513e28d4490d8186f475f487) Importer(815301076,1909f56bfc062723c751e8b465ee728b)  -> (artifact id: 'c106af10fa5033418cdc17c994eed44c') in 0.046795 seconds 
  Import took 0.050175 seconds .

========================================================================
Received Import Request.
  Time since last request: 167.440168 seconds.
  path: Assets/Art/Slime_Idle.png
  artifactKey: Guid(9a78b79a0a728924390f7524172048a4) Importer(815301076,1909f56bfc062723c751e8b465ee728b)
Start importing Assets/Art/Slime_Idle.png using Guid(9a78b79a0a728924390f7524172048a4) Importer(815301076,1909f56bfc062723c751e8b465ee728b)  -> (artifact id: '87bf551ec2843c1ed614b4192daccf2d') in 0.018190 seconds 
  Import took 0.022927 seconds .

========================================================================
Received Import Request.
  Time since last request: 12.448192 seconds.
  path: Assets/Art/Sprites/Slime_Idle.png
  artifactKey: Guid(9a78b79a0a728924390f7524172048a4) Importer(815301076,1909f56bfc062723c751e8b465ee728b)
Start importing Assets/Art/Sprites/Slime_Idle.png using Guid(9a78b79a0a728924390f7524172048a4) Importer(815301076,1909f56bfc062723c751e8b465ee728b)  -> (artifact id: '05aa2b9adbfe809144ba3d1b39837eff') in 0.013500 seconds 
  Import took 0.017152 seconds .

========================================================================
Received Import Request.
  Time since last request: 5.056958 seconds.
  path: Assets/Art/Sprites/Slime_Idle.png
  artifactKey: Guid(9a78b79a0a728924390f7524172048a4) Importer(815301076,1909f56bfc062723c751e8b465ee728b)
Start importing Assets/Art/Sprites/Slime_Idle.png using Guid(9a78b79a0a728924390f7524172048a4) Importer(815301076,1909f56bfc062723c751e8b465ee728b)  -> (artifact id: 'fb012d56c0e87bc0c080318358239482') in 0.029702 seconds 
  Import took 0.033332 seconds .

========================================================================
Received Prepare
Registering precompiled user dll's ...
Registered in 0.189118 seconds.
Begin MonoManager ReloadAssembly
Native extension for WindowsStandalone target not found
Native extension for WebGL target not found
Refreshing native plugins compatible for Editor in 0.60 ms, found 3 plugins.
Preloading 0 native plugins for Editor in 0.00 ms.
Mono: successfully reloaded assembly
- Completed reload, in  0.968 seconds
Domain Reload Profiling:
	ReloadAssembly (969ms)
		BeginReloadAssembly (163ms)
			ExecutionOrderSort (0ms)
			DisableScriptedObjects (14ms)
			BackupInstance (0ms)
			ReleaseScriptingObjects (0ms)
			CreateAndSetChildDomain (72ms)
		EndReloadAssembly (747ms)
			LoadAssemblies (87ms)
			RebuildTransferFunctionScriptingTraits (0ms)
			SetupTypeCache (266ms)
			ReleaseScriptCaches (1ms)
			RebuildScriptCaches (38ms)
			SetupLoadedEditorAssemblies (267ms)
				LogAssemblyErrors (0ms)
				InitializePlatformSupportModulesInManaged (5ms)
				SetLoadedEditorAssemblies (1ms)
				RefreshPlugins (1ms)
				BeforeProcessingInitializeOnLoad (73ms)
				ProcessInitializeOnLoadAttributes (172ms)
				ProcessInitializeOnLoadMethodAttributes (9ms)
				AfterProcessingInitializeOnLoad (6ms)
				EditorAssembliesLoaded (0ms)
			ExecutionOrderSort2 (0ms)
			AwakeInstancesAfterBackupRestoration (8ms)
Platform modules already initialized, skipping
Refreshing native plugins compatible for Editor in 0.62 ms, found 3 plugins.
Preloading 0 native plugins for Editor in 0.00 ms.
Unloading 2191 Unused Serialized files (Serialized files now loaded: 0)
System memory in use before: 98.5 MB.
System memory in use after: 98.7 MB.

Unloading 17 unused Assets to reduce memory usage. Loaded Objects now: 2682.
Total: 3.056100 ms (FindLiveObjects: 0.249300 ms CreateObjectMapping: 0.048600 ms MarkObjects: 2.670000 ms  DeleteObjects: 0.087100 ms)

AssetImportParameters requested are different than current active one (requested -> active):
  custom:framework-win-MediaFoundation: 216162199b28c13a410421893ffa2e32 -> 
  custom:video-decoder-ogg-theora: a1e56fd34408186e4bbccfd4996cb3dc -> 
  custom:container-muxer-webm: aa71ff27fc2769a1b78a27578f13a17b -> 
  custom:container-demuxer-webm: 4f35f7cbe854078d1ac9338744f61a02 -> 
  custom:container-demuxer-ogg: 62fdf1f143b41e24485cea50d1cbac27 -> 
  custom:video-encoder-webm-vp8: eb34c28f22e8b96e1ab97ce403110664 -> 
  custom:video-decoder-webm-vp8: 9c59270c3fd7afecdb556c50c9e8de78 -> 
  custom:audio-decoder-ogg-vorbis: bf7c407c2cedff20999df2af8eb42d56 -> 
  custom:audio-encoder-webm-vorbis: bf7c407c2cedff20999df2af8eb42d56 -> 
========================================================================
Received Import Request.
  Time since last request: 311.806759 seconds.
  path: Assets/Art/Sprites/Slime_Idle.png
  artifactKey: Guid(9a78b79a0a728924390f7524172048a4) Importer(815301076,1909f56bfc062723c751e8b465ee728b)
Start importing Assets/Art/Sprites/Slime_Idle.png using Guid(9a78b79a0a728924390f7524172048a4) Importer(815301076,1909f56bfc062723c751e8b465ee728b)  -> (artifact id: '1ebbaf97149f193e1b15b92a1cc763c5') in 0.066270 seconds 
  Import took 0.069648 seconds .

========================================================================
Received Import Request.
  Time since last request: 24.785597 seconds.
  path: Assets/Art/Sprites/Slime_Idle.png
  artifactKey: Guid(9a78b79a0a728924390f7524172048a4) Importer(815301076,1909f56bfc062723c751e8b465ee728b)
Start importing Assets/Art/Sprites/Slime_Idle.png using Guid(9a78b79a0a728924390f7524172048a4) Importer(815301076,1909f56bfc062723c751e8b465ee728b)  -> (artifact id: 'b2bf9bd87c227f244bcd7133c77af474') in 0.025455 seconds 
  Import took 0.029115 seconds .

========================================================================
Received Import Request.
  Time since last request: 9.047339 seconds.
  path: Assets/Art/Sprites/Slime_Idle.png
  artifactKey: Guid(9a78b79a0a728924390f7524172048a4) Importer(815301076,1909f56bfc062723c751e8b465ee728b)
Start importing Assets/Art/Sprites/Slime_Idle.png using Guid(9a78b79a0a728924390f7524172048a4) Importer(815301076,1909f56bfc062723c751e8b465ee728b)  -> (artifact id: '9c1351279e10e073fc35879f7a3eaa3c') in 0.033748 seconds 
  Import took 0.037411 seconds .

========================================================================
Received Import Request.
  Time since last request: 13.555657 seconds.
  path: Assets/Art/Sprites/Slime_Idle.png
  artifactKey: Guid(9a78b79a0a728924390f7524172048a4) Importer(815301076,1909f56bfc062723c751e8b465ee728b)
Start importing Assets/Art/Sprites/Slime_Idle.png using Guid(9a78b79a0a728924390f7524172048a4) Importer(815301076,1909f56bfc062723c751e8b465ee728b)  -> (artifact id: '868cb1e5c60a6e94739b35a1f0481b8c') in 0.028090 seconds 
  Import took 0.031845 seconds .

========================================================================
Received Import Request.
  Time since last request: 5.508537 seconds.
  path: Assets/Art/Sprites/Slime_Idle.png
  artifactKey: Guid(9a78b79a0a728924390f7524172048a4) Importer(815301076,1909f56bfc062723c751e8b465ee728b)
Start importing Assets/Art/Sprites/Slime_Idle.png using Guid(9a78b79a0a728924390f7524172048a4) Importer(815301076,1909f56bfc062723c751e8b465ee728b)  -> (artifact id: '1d24867b03c8cedadb79f6eab1a766d3') in 0.026696 seconds 
  Import took 0.031040 seconds .

========================================================================
Received Import Request.
  Time since last request: 4.126614 seconds.
  path: Assets/Art/Sprites/Slime_Idle.png
  artifactKey: Guid(9a78b79a0a728924390f7524172048a4) Importer(815301076,1909f56bfc062723c751e8b465ee728b)
Start importing Assets/Art/Sprites/Slime_Idle.png using Guid(9a78b79a0a728924390f7524172048a4) Importer(815301076,1909f56bfc062723c751e8b465ee728b)  -> (artifact id: '29c331ff6d3a3cb2cc29c2348362a369') in 0.040650 seconds 
  Import took 0.044464 seconds .

========================================================================
Received Import Request.
  Time since last request: 8.849739 seconds.
  path: Assets/Art/Sprites/Slime_Idle.png
  artifactKey: Guid(9a78b79a0a728924390f7524172048a4) Importer(815301076,1909f56bfc062723c751e8b465ee728b)
Start importing Assets/Art/Sprites/Slime_Idle.png using Guid(9a78b79a0a728924390f7524172048a4) Importer(815301076,1909f56bfc062723c751e8b465ee728b)  -> (artifact id: '1e05956fec35a62ee32f02df87431ed7') in 0.025690 seconds 
  Import took 0.029946 seconds .

========================================================================
Received Import Request.
  Time since last request: 3.533060 seconds.
  path: Assets/Art/Sprites/Slime_Idle.png
  artifactKey: Guid(9a78b79a0a728924390f7524172048a4) Importer(815301076,1909f56bfc062723c751e8b465ee728b)
Start importing Assets/Art/Sprites/Slime_Idle.png using Guid(9a78b79a0a728924390f7524172048a4) Importer(815301076,1909f56bfc062723c751e8b465ee728b)  -> (artifact id: '021d6318b9fc059e7d0a75666044cf40') in 0.027605 seconds 
  Import took 0.031230 seconds .

========================================================================
Received Import Request.
  Time since last request: 3.674120 seconds.
  path: Assets/Art/Sprites/Slime_Idle.png
  artifactKey: Guid(9a78b79a0a728924390f7524172048a4) Importer(815301076,1909f56bfc062723c751e8b465ee728b)
Start importing Assets/Art/Sprites/Slime_Idle.png using Guid(9a78b79a0a728924390f7524172048a4) Importer(815301076,1909f56bfc062723c751e8b465ee728b)  -> (artifact id: '7b93e5825eb4e584af594d96ce6acca7') in 0.027088 seconds 
  Import took 0.030705 seconds .

========================================================================
Received Import Request.
  Time since last request: 409.217133 seconds.
  path: Assets/Art/Sprites/Slime_Idle.png
  artifactKey: Guid(9a78b79a0a728924390f7524172048a4) Importer(815301076,1909f56bfc062723c751e8b465ee728b)
Start importing Assets/Art/Sprites/Slime_Idle.png using Guid(9a78b79a0a728924390f7524172048a4) Importer(815301076,1909f56bfc062723c751e8b465ee728b)  -> (artifact id: '52769fe10ffebfbd10936248591623e4') in 0.022512 seconds 
  Import took 0.027060 seconds .

========================================================================
Received Import Request.
  Time since last request: 197.742953 seconds.
  path: Assets/Art/Sprites/Slime_Idle.png
  artifactKey: Guid(9a78b79a0a728924390f7524172048a4) Importer(815301076,1909f56bfc062723c751e8b465ee728b)
Start importing Assets/Art/Sprites/Slime_Idle.png using Guid(9a78b79a0a728924390f7524172048a4) Importer(815301076,1909f56bfc062723c751e8b465ee728b)  -> (artifact id: '0788c3ecd6e2742cb2b45d64b027be14') in 0.047594 seconds 
  Import took 0.051691 seconds .

========================================================================
Received Import Request.
  Time since last request: 352.974690 seconds.
  path: Assets/Art/Sprites/Slime_Idle.png
  artifactKey: Guid(9a78b79a0a728924390f7524172048a4) Importer(815301076,1909f56bfc062723c751e8b465ee728b)
Start importing Assets/Art/Sprites/Slime_Idle.png using Guid(9a78b79a0a728924390f7524172048a4) Importer(815301076,1909f56bfc062723c751e8b465ee728b)  -> (artifact id: '55115c3184fb3d679e9c3c37a950e26f') in 0.011827 seconds 
  Import took 0.015898 seconds .

========================================================================
Received Import Request.
  Time since last request: 14.477325 seconds.
  path: Assets/Art/Sprites/Slime_Idle.png
  artifactKey: Guid(9a78b79a0a728924390f7524172048a4) Importer(815301076,1909f56bfc062723c751e8b465ee728b)
Start importing Assets/Art/Sprites/Slime_Idle.png using Guid(9a78b79a0a728924390f7524172048a4) Importer(815301076,1909f56bfc062723c751e8b465ee728b)  -> (artifact id: '68c78c1c0adf72148ac5c68c49b7dd3e') in 0.018751 seconds 
  Import took 0.022616 seconds .

========================================================================
Received Prepare
Registering precompiled user dll's ...
Registered in 0.004090 seconds.
Begin MonoManager ReloadAssembly
Native extension for WindowsStandalone target not found
Native extension for WebGL target not found
Refreshing native plugins compatible for Editor in 0.60 ms, found 3 plugins.
Preloading 0 native plugins for Editor in 0.00 ms.
Mono: successfully reloaded assembly
- Completed reload, in  0.949 seconds
Domain Reload Profiling:
	ReloadAssembly (950ms)
		BeginReloadAssembly (116ms)
			ExecutionOrderSort (0ms)
			DisableScriptedObjects (5ms)
			BackupInstance (0ms)
			ReleaseScriptingObjects (0ms)
			CreateAndSetChildDomain (37ms)
		EndReloadAssembly (776ms)
			LoadAssemblies (79ms)
			RebuildTransferFunctionScriptingTraits (0ms)
			SetupTypeCache (257ms)
			ReleaseScriptCaches (1ms)
			RebuildScriptCaches (39ms)
			SetupLoadedEditorAssemblies (304ms)
				LogAssemblyErrors (0ms)
				InitializePlatformSupportModulesInManaged (4ms)
				SetLoadedEditorAssemblies (0ms)
				RefreshPlugins (1ms)
				BeforeProcessingInitializeOnLoad (81ms)
				ProcessInitializeOnLoadAttributes (199ms)
				ProcessInitializeOnLoadMethodAttributes (11ms)
				AfterProcessingInitializeOnLoad (7ms)
				EditorAssembliesLoaded (0ms)
			ExecutionOrderSort2 (0ms)
			AwakeInstancesAfterBackupRestoration (8ms)
Platform modules already initialized, skipping
Refreshing native plugins compatible for Editor in 0.69 ms, found 3 plugins.
Preloading 0 native plugins for Editor in 0.00 ms.
Unloading 2191 Unused Serialized files (Serialized files now loaded: 0)
System memory in use before: 98.6 MB.
System memory in use after: 98.7 MB.

Unloading 17 unused Assets to reduce memory usage. Loaded Objects now: 2698.
Total: 3.294800 ms (FindLiveObjects: 0.299800 ms CreateObjectMapping: 0.051000 ms MarkObjects: 2.919700 ms  DeleteObjects: 0.022300 ms)

AssetImportParameters requested are different than current active one (requested -> active):
  custom:framework-win-MediaFoundation: 216162199b28c13a410421893ffa2e32 -> 
  custom:video-decoder-ogg-theora: a1e56fd34408186e4bbccfd4996cb3dc -> 
  custom:container-muxer-webm: aa71ff27fc2769a1b78a27578f13a17b -> 
  custom:container-demuxer-webm: 4f35f7cbe854078d1ac9338744f61a02 -> 
  custom:container-demuxer-ogg: 62fdf1f143b41e24485cea50d1cbac27 -> 
  custom:video-encoder-webm-vp8: eb34c28f22e8b96e1ab97ce403110664 -> 
  custom:video-decoder-webm-vp8: 9c59270c3fd7afecdb556c50c9e8de78 -> 
  custom:audio-decoder-ogg-vorbis: bf7c407c2cedff20999df2af8eb42d56 -> 
  custom:audio-encoder-webm-vorbis: bf7c407c2cedff20999df2af8eb42d56 -> 
========================================================================
Received Prepare
Registering precompiled user dll's ...
Registered in 0.005811 seconds.
Begin MonoManager ReloadAssembly
Native extension for WindowsStandalone target not found
Native extension for WebGL target not found
Refreshing native plugins compatible for Editor in 0.66 ms, found 3 plugins.
Preloading 0 native plugins for Editor in 0.00 ms.
Mono: successfully reloaded assembly
- Completed reload, in  0.957 seconds
Domain Reload Profiling:
	ReloadAssembly (958ms)
		BeginReloadAssembly (115ms)
			ExecutionOrderSort (0ms)
			DisableScriptedObjects (5ms)
			BackupInstance (0ms)
			ReleaseScriptingObjects (0ms)
			CreateAndSetChildDomain (40ms)
		EndReloadAssembly (784ms)
			LoadAssemblies (81ms)
			RebuildTransferFunctionScriptingTraits (0ms)
			SetupTypeCache (255ms)
			ReleaseScriptCaches (1ms)
			RebuildScriptCaches (37ms)
			SetupLoadedEditorAssemblies (319ms)
				LogAssemblyErrors (0ms)
				InitializePlatformSupportModulesInManaged (5ms)
				SetLoadedEditorAssemblies (0ms)
				RefreshPlugins (1ms)
				BeforeProcessingInitializeOnLoad (86ms)
				ProcessInitializeOnLoadAttributes (208ms)
				ProcessInitializeOnLoadMethodAttributes (10ms)
				AfterProcessingInitializeOnLoad (8ms)
				EditorAssembliesLoaded (0ms)
			ExecutionOrderSort2 (0ms)
			AwakeInstancesAfterBackupRestoration (10ms)
Platform modules already initialized, skipping
Refreshing native plugins compatible for Editor in 0.63 ms, found 3 plugins.
Preloading 0 native plugins for Editor in 0.00 ms.
Unloading 2191 Unused Serialized files (Serialized files now loaded: 0)
System memory in use before: 98.6 MB.
System memory in use after: 98.8 MB.

Unloading 17 unused Assets to reduce memory usage. Loaded Objects now: 2700.
Total: 3.267500 ms (FindLiveObjects: 0.295900 ms CreateObjectMapping: 0.047300 ms MarkObjects: 2.903900 ms  DeleteObjects: 0.019200 ms)

AssetImportParameters requested are different than current active one (requested -> active):
  custom:framework-win-MediaFoundation: 216162199b28c13a410421893ffa2e32 -> 
  custom:video-decoder-ogg-theora: a1e56fd34408186e4bbccfd4996cb3dc -> 
  custom:container-muxer-webm: aa71ff27fc2769a1b78a27578f13a17b -> 
  custom:container-demuxer-webm: 4f35f7cbe854078d1ac9338744f61a02 -> 
  custom:container-demuxer-ogg: 62fdf1f143b41e24485cea50d1cbac27 -> 
  custom:video-encoder-webm-vp8: eb34c28f22e8b96e1ab97ce403110664 -> 
  custom:video-decoder-webm-vp8: 9c59270c3fd7afecdb556c50c9e8de78 -> 
  custom:audio-decoder-ogg-vorbis: bf7c407c2cedff20999df2af8eb42d56 -> 
  custom:audio-encoder-webm-vorbis: bf7c407c2cedff20999df2af8eb42d56 -> 
========================================================================
Received Import Request.
  Time since last request: 461.645721 seconds.
  path: Assets/Art/Sprites/Slime_Idle.png
  artifactKey: Guid(9a78b79a0a728924390f7524172048a4) Importer(815301076,1909f56bfc062723c751e8b465ee728b)
Start importing Assets/Art/Sprites/Slime_Idle.png using Guid(9a78b79a0a728924390f7524172048a4) Importer(815301076,1909f56bfc062723c751e8b465ee728b)  -> (artifact id: '52024a940f4fef5b71f6b6b910e11921') in 0.076678 seconds 
  Import took 0.080992 seconds .

========================================================================
Received Prepare
Registering precompiled user dll's ...
Registered in 0.004343 seconds.
Begin MonoManager ReloadAssembly
Native extension for WindowsStandalone target not found
Native extension for WebGL target not found
Refreshing native plugins compatible for Editor in 0.61 ms, found 3 plugins.
Preloading 0 native plugins for Editor in 0.00 ms.
Mono: successfully reloaded assembly
- Completed reload, in  0.933 seconds
Domain Reload Profiling:
	ReloadAssembly (934ms)
		BeginReloadAssembly (100ms)
			ExecutionOrderSort (0ms)
			DisableScriptedObjects (5ms)
			BackupInstance (0ms)
			ReleaseScriptingObjects (0ms)
			CreateAndSetChildDomain (34ms)
		EndReloadAssembly (778ms)
			LoadAssemblies (75ms)
			RebuildTransferFunctionScriptingTraits (0ms)
			SetupTypeCache (251ms)
			ReleaseScriptCaches (1ms)
			RebuildScriptCaches (41ms)
			SetupLoadedEditorAssemblies (312ms)
				LogAssemblyErrors (0ms)
				InitializePlatformSupportModulesInManaged (5ms)
				SetLoadedEditorAssemblies (0ms)
				RefreshPlugins (1ms)
				BeforeProcessingInitializeOnLoad (82ms)
				ProcessInitializeOnLoadAttributes (206ms)
				ProcessInitializeOnLoadMethodAttributes (10ms)
				AfterProcessingInitializeOnLoad (7ms)
				EditorAssembliesLoaded (0ms)
			ExecutionOrderSort2 (0ms)
			AwakeInstancesAfterBackupRestoration (9ms)
Platform modules already initialized, skipping
Refreshing native plugins compatible for Editor in 1.06 ms, found 3 plugins.
Preloading 0 native plugins for Editor in 0.00 ms.
Unloading 2191 Unused Serialized files (Serialized files now loaded: 0)
System memory in use before: 98.7 MB.
System memory in use after: 98.8 MB.

Unloading 17 unused Assets to reduce memory usage. Loaded Objects now: 2703.
Total: 3.650200 ms (FindLiveObjects: 0.284100 ms CreateObjectMapping: 0.154500 ms MarkObjects: 3.192200 ms  DeleteObjects: 0.018100 ms)

AssetImportParameters requested are different than current active one (requested -> active):
  custom:framework-win-MediaFoundation: 216162199b28c13a410421893ffa2e32 -> 
  custom:video-decoder-ogg-theora: a1e56fd34408186e4bbccfd4996cb3dc -> 
  custom:container-muxer-webm: aa71ff27fc2769a1b78a27578f13a17b -> 
  custom:container-demuxer-webm: 4f35f7cbe854078d1ac9338744f61a02 -> 
  custom:container-demuxer-ogg: 62fdf1f143b41e24485cea50d1cbac27 -> 
  custom:video-encoder-webm-vp8: eb34c28f22e8b96e1ab97ce403110664 -> 
  custom:video-decoder-webm-vp8: 9c59270c3fd7afecdb556c50c9e8de78 -> 
  custom:audio-decoder-ogg-vorbis: bf7c407c2cedff20999df2af8eb42d56 -> 
  custom:audio-encoder-webm-vorbis: bf7c407c2cedff20999df2af8eb42d56 -> 
========================================================================
Received Prepare
Registering precompiled user dll's ...
Registered in 0.004057 seconds.
Begin MonoManager ReloadAssembly
Native extension for WindowsStandalone target not found
Native extension for WebGL target not found
Refreshing native plugins compatible for Editor in 0.60 ms, found 3 plugins.
Preloading 0 native plugins for Editor in 0.00 ms.
Mono: successfully reloaded assembly
- Completed reload, in  0.953 seconds
Domain Reload Profiling:
	ReloadAssembly (953ms)
		BeginReloadAssembly (105ms)
			ExecutionOrderSort (0ms)
			DisableScriptedObjects (5ms)
			BackupInstance (0ms)
			ReleaseScriptingObjects (0ms)
			CreateAndSetChildDomain (32ms)
		EndReloadAssembly (793ms)
			LoadAssemblies (76ms)
			RebuildTransferFunctionScriptingTraits (0ms)
			SetupTypeCache (264ms)
			ReleaseScriptCaches (1ms)
			RebuildScriptCaches (42ms)
			SetupLoadedEditorAssemblies (309ms)
				LogAssemblyErrors (0ms)
				InitializePlatformSupportModulesInManaged (5ms)
				SetLoadedEditorAssemblies (0ms)
				RefreshPlugins (1ms)
				BeforeProcessingInitializeOnLoad (83ms)
				ProcessInitializeOnLoadAttributes (203ms)
				ProcessInitializeOnLoadMethodAttributes (9ms)
				AfterProcessingInitializeOnLoad (7ms)
				EditorAssembliesLoaded (0ms)
			ExecutionOrderSort2 (0ms)
			AwakeInstancesAfterBackupRestoration (9ms)
Platform modules already initialized, skipping
Refreshing native plugins compatible for Editor in 0.63 ms, found 3 plugins.
Preloading 0 native plugins for Editor in 0.00 ms.
Unloading 2191 Unused Serialized files (Serialized files now loaded: 0)
System memory in use before: 98.8 MB.
System memory in use after: 98.9 MB.

Unloading 17 unused Assets to reduce memory usage. Loaded Objects now: 2705.
Total: 3.342300 ms (FindLiveObjects: 0.282500 ms CreateObjectMapping: 0.053300 ms MarkObjects: 2.988200 ms  DeleteObjects: 0.017100 ms)

AssetImportParameters requested are different than current active one (requested -> active):
  custom:framework-win-MediaFoundation: 216162199b28c13a410421893ffa2e32 -> 
  custom:video-decoder-ogg-theora: a1e56fd34408186e4bbccfd4996cb3dc -> 
  custom:container-muxer-webm: aa71ff27fc2769a1b78a27578f13a17b -> 
  custom:container-demuxer-webm: 4f35f7cbe854078d1ac9338744f61a02 -> 
  custom:container-demuxer-ogg: 62fdf1f143b41e24485cea50d1cbac27 -> 
  custom:video-encoder-webm-vp8: eb34c28f22e8b96e1ab97ce403110664 -> 
  custom:video-decoder-webm-vp8: 9c59270c3fd7afecdb556c50c9e8de78 -> 
  custom:audio-decoder-ogg-vorbis: bf7c407c2cedff20999df2af8eb42d56 -> 
  custom:audio-encoder-webm-vorbis: bf7c407c2cedff20999df2af8eb42d56 -> 
========================================================================
Received Prepare
Registering precompiled user dll's ...
Registered in 0.004146 seconds.
Begin MonoManager ReloadAssembly
Native extension for WindowsStandalone target not found
Native extension for WebGL target not found
Refreshing native plugins compatible for Editor in 0.60 ms, found 3 plugins.
Preloading 0 native plugins for Editor in 0.00 ms.
Mono: successfully reloaded assembly
- Completed reload, in  0.886 seconds
Domain Reload Profiling:
	ReloadAssembly (887ms)
		BeginReloadAssembly (96ms)
			ExecutionOrderSort (0ms)
			DisableScriptedObjects (6ms)
			BackupInstance (0ms)
			ReleaseScriptingObjects (0ms)
			CreateAndSetChildDomain (32ms)
		EndReloadAssembly (734ms)
			LoadAssemblies (77ms)
			RebuildTransferFunctionScriptingTraits (0ms)
			SetupTypeCache (238ms)
			ReleaseScriptCaches (1ms)
			RebuildScriptCaches (36ms)
			SetupLoadedEditorAssemblies (297ms)
				LogAssemblyErrors (0ms)
				InitializePlatformSupportModulesInManaged (4ms)
				SetLoadedEditorAssemblies (0ms)
				RefreshPlugins (1ms)
				BeforeProcessingInitializeOnLoad (74ms)
				ProcessInitializeOnLoadAttributes (200ms)
				ProcessInitializeOnLoadMethodAttributes (11ms)
				AfterProcessingInitializeOnLoad (6ms)
				EditorAssembliesLoaded (0ms)
			ExecutionOrderSort2 (0ms)
			AwakeInstancesAfterBackupRestoration (8ms)
Platform modules already initialized, skipping
Refreshing native plugins compatible for Editor in 0.55 ms, found 3 plugins.
Preloading 0 native plugins for Editor in 0.00 ms.
Unloading 2191 Unused Serialized files (Serialized files now loaded: 0)
System memory in use before: 98.8 MB.
System memory in use after: 98.9 MB.

Unloading 17 unused Assets to reduce memory usage. Loaded Objects now: 2707.
Total: 3.216800 ms (FindLiveObjects: 0.197900 ms CreateObjectMapping: 0.046600 ms MarkObjects: 2.954500 ms  DeleteObjects: 0.016800 ms)

AssetImportParameters requested are different than current active one (requested -> active):
  custom:framework-win-MediaFoundation: 216162199b28c13a410421893ffa2e32 -> 
  custom:video-decoder-ogg-theora: a1e56fd34408186e4bbccfd4996cb3dc -> 
  custom:container-muxer-webm: aa71ff27fc2769a1b78a27578f13a17b -> 
  custom:container-demuxer-webm: 4f35f7cbe854078d1ac9338744f61a02 -> 
  custom:container-demuxer-ogg: 62fdf1f143b41e24485cea50d1cbac27 -> 
  custom:video-encoder-webm-vp8: eb34c28f22e8b96e1ab97ce403110664 -> 
  custom:video-decoder-webm-vp8: 9c59270c3fd7afecdb556c50c9e8de78 -> 
  custom:audio-decoder-ogg-vorbis: bf7c407c2cedff20999df2af8eb42d56 -> 
  custom:audio-encoder-webm-vorbis: bf7c407c2cedff20999df2af8eb42d56 -> 
AssetImportWorkerClient::OnTransportError - code=2 error=End of file
